<?xml version="1.0" encoding="UTF-8"?>
<!-- Generated by org.testng.reporters.JUnitReportReporter -->
<testsuite hostname="Zahid" failures="0" tests="1" name="pageObjectModel.DriverInvocktion" time="4.052" errors="0" timestamp="2022-08-28T01:14:43 EDT" skipped="0">
  <testcase classname="pageObjectModel.DriverInvocktion" name="tr" time="4.052"/>
  <system-out/>
</testsuite> <!-- pageObjectModel.DriverInvocktion -->
