<?xml version="1.0" encoding="UTF-8"?>
<!-- Generated by org.testng.reporters.JUnitReportReporter -->
<testsuite hostname="Zahid" failures="0" tests="3" name="testngExample.Tng1" time="41.545" errors="0" timestamp="2022-07-18T14:25:48 EDT" skipped="0">
  <testcase classname="testngExample.Tng1" name="VerifyTheTile" time="13.651"/>
  <system-out/>
  <testcase classname="testngExample.Tng1" name="VerifyLogour" time="13.854"/>
  <system-out/>
  <testcase classname="testngExample.Tng1" name="VerifyLogin" time="14.040"/>
  <system-out/>
</testsuite> <!-- testngExample.Tng1 -->
