<?xml version="1.0" encoding="UTF-8"?>
<!-- Generated by org.testng.reporters.JUnitReportReporter -->
<testsuite hostname="Zahid" failures="0" tests="1" name="actionclassexpale.ActionScroll" time="14.264" errors="0" timestamp="2022-08-29T00:11:24 EDT" skipped="0">
  <testcase classname="actionclassexpale.ActionScroll" name="cap" time="14.264"/>
  <system-out/>
</testsuite> <!-- actionclassexpale.ActionScroll -->
