<?xml version="1.0" encoding="UTF-8"?>
<!-- Generated by org.testng.reporters.JUnitReportReporter -->
<testsuite hostname="Zahid" failures="0" tests="3" name="testngExample.GroupExample" time="24.760" errors="0" timestamp="2022-07-21T06:42:21 EDT" skipped="0">
  <testcase classname="testngExample.GroupExample" name="verifylogin1" time="7.140"/>
  <system-out/>
  <testcase classname="testngExample.GroupExample" name="verifysignout" time="8.776"/>
  <system-out/>
  <testcase classname="testngExample.GroupExample" name="verifysigin" time="8.844"/>
  <system-out/>
</testsuite> <!-- testngExample.GroupExample -->
