<?xml version="1.0" encoding="UTF-8"?>
<!-- Generated by org.testng.reporters.JUnitReportReporter -->
<testsuite hostname="Zahid" failures="0" tests="1" name="propertyfilereading.Pfr" time="11.263" errors="0" timestamp="2022-08-13T10:57:11 EDT" skipped="0">
  <testcase classname="propertyfilereading.Pfr" name="sam" time="11.263"/>
  <system-out/>
</testsuite> <!-- propertyfilereading.Pfr -->
