<?xml version="1.0" encoding="UTF-8"?>
<!-- Generated by org.testng.reporters.JUnitReportReporter -->
<testsuite hostname="Zahid" failures="0" tests="1" name="xpathlocatorsexample.CheckBoxRadiobutton" time="7.449" errors="0" timestamp="2022-08-21T23:33:27 EDT" skipped="0">
  <testcase classname="xpathlocatorsexample.CheckBoxRadiobutton" name="cap1" time="7.449"/>
  <system-out/>
</testsuite> <!-- xpathlocatorsexample.CheckBoxRadiobutton -->
