<?xml version="1.0" encoding="UTF-8"?>
<!-- Generated by org.testng.reporters.JUnitReportReporter -->
<testsuite hostname="Zahid" failures="0" tests="1" name="xpathlocatorsexample.Locators" time="8.380" errors="0" timestamp="2022-08-13T12:29:13 EDT" skipped="0">
  <testcase classname="xpathlocatorsexample.Locators" name="a" time="8.380"/>
  <system-out/>
</testsuite> <!-- xpathlocatorsexample.Locators -->
