<?xml version="1.0" encoding="UTF-8"?>
<!-- Generated by org.testng.reporters.JUnitReportReporter -->
<testsuite hostname="Zahid" failures="0" tests="1" name="xpathlocatorsexample.MultipleSelectsweb" time="22.466" errors="0" timestamp="2022-08-28T00:07:52 EDT" skipped="0">
  <testcase classname="xpathlocatorsexample.MultipleSelectsweb" name="cap" time="22.466"/>
  <system-out/>
</testsuite> <!-- xpathlocatorsexample.MultipleSelectsweb -->
