<?xml version="1.0" encoding="UTF-8"?>
<!-- Generated by org.testng.reporters.JUnitReportReporter -->
<testsuite hostname="Zahid" failures="0" tests="1" name="extandreportexample.Extreportex" time="21.242" errors="0" timestamp="2022-09-04T12:51:04 EDT" skipped="0">
  <testcase classname="extandreportexample.Extreportex" name="hh" time="21.242"/>
  <system-out/>
</testsuite> <!-- extandreportexample.Extreportex -->
