<?xml version="1.0" encoding="UTF-8"?>
<!-- Generated by org.testng.reporters.JUnitReportReporter -->
<testsuite hostname="Zahid" failures="0" tests="1" name="capturingScreenshot.CapturingScreenshotexample" time="9.325" errors="0" timestamp="2022-08-31T11:23:43 EDT" skipped="0">
  <testcase classname="capturingScreenshot.CapturingScreenshotexample" name="cap" time="9.325"/>
  <system-out/>
</testsuite> <!-- capturingScreenshot.CapturingScreenshotexample -->
