<?xml version="1.0" encoding="UTF-8"?>
<!-- Generated by org.testng.reporters.JUnitReportReporter -->
<testsuite hostname="Zahid" failures="0" tests="2" name="extandreportexample.Extandrep2" time="27.293" errors="0" timestamp="2022-09-04T13:22:39 EDT" skipped="0">
  <testcase classname="extandreportexample.Extandrep2" name="hh" time="10.746"/>
  <system-out/>
  <testcase classname="extandreportexample.Extandrep2" name="hh1" time="16.547"/>
  <system-out/>
</testsuite> <!-- extandreportexample.Extandrep2 -->
