<?xml version="1.0" encoding="UTF-8"?>
<!-- Generated by org.testng.reporters.JUnitReportReporter -->
<testsuite hostname="Zahid" failures="0" tests="1" name="pageObjectModel.Team" time="7.824" errors="0" timestamp="2022-08-28T00:52:38 EDT" skipped="0">
  <testcase classname="pageObjectModel.Team" name="cap" time="7.824"/>
  <system-out/>
</testsuite> <!-- pageObjectModel.Team -->
