<?xml version="1.0" encoding="UTF-8"?>
<!-- Generated by org.testng.reporters.JUnitReportReporter -->
<testsuite hostname="Zahid" failures="0" tests="1" name="etc.ActionClass" time="12.317" errors="0" timestamp="2022-08-28T23:56:23 EDT" skipped="0">
  <testcase classname="etc.ActionClass" name="cap" time="12.317"/>
  <system-out/>
</testsuite> <!-- etc.ActionClass -->
