<?xml version="1.0" encoding="UTF-8"?>
<!-- Generated by org.testng.reporters.JUnitReportReporter -->
<testsuite hostname="Zahid" failures="0" tests="1" name="actionclassexpale.MouseHoveraction" time="14.584" errors="0" timestamp="2022-08-29T00:27:50 EDT" skipped="0">
  <testcase classname="actionclassexpale.MouseHoveraction" name="cap" time="14.584"/>
  <system-out/>
</testsuite> <!-- actionclassexpale.MouseHoveraction -->
