<?xml version="1.0" encoding="UTF-8"?>
<!-- Generated by org.testng.reporters.JUnitReportReporter -->
<testsuite hostname="Zahid" failures="0" tests="1" name="xpathlocatorsexample.CustomXpath" time="4.844" errors="0" timestamp="2022-08-21T00:02:33 EDT" skipped="0">
  <testcase classname="xpathlocatorsexample.CustomXpath" name="tom1" time="4.844"/>
  <system-out/>
</testsuite> <!-- xpathlocatorsexample.CustomXpath -->
