<?xml version="1.0" encoding="UTF-8"?>
<!-- Generated by org.testng.reporters.JUnitReportReporter -->
<testsuite hostname="Zahid" failures="0" tests="1" name="actionclassexpale.RobotClass" time="49.772" errors="0" timestamp="2022-08-29T00:54:35 EDT" skipped="0">
  <testcase classname="actionclassexpale.RobotClass" name="cap" time="49.772"/>
  <system-out/>
</testsuite> <!-- actionclassexpale.RobotClass -->
