<?xml version="1.0" encoding="UTF-8"?>
<!-- Generated by org.testng.reporters.JUnitReportReporter -->
<testsuite hostname="Zahid" failures="0" tests="1" name="actionclassexpale.DubleclickExample" time="14.860" errors="0" timestamp="2022-08-29T00:23:59 EDT" skipped="0">
  <testcase classname="actionclassexpale.DubleclickExample" name="cap" time="14.860"/>
  <system-out/>
</testsuite> <!-- actionclassexpale.DubleclickExample -->
