<?xml version="1.0" encoding="UTF-8"?>
<!-- Generated by org.testng.reporters.JUnitReportReporter -->
<testsuite hostname="Zahid" failures="0" tests="1" name="xpathlocatorsexample.WebTable" time="5.247" errors="0" timestamp="2022-08-28T00:23:51 EDT" skipped="0">
  <testcase classname="xpathlocatorsexample.WebTable" name="cap" time="5.247"/>
  <system-out/>
</testsuite> <!-- xpathlocatorsexample.WebTable -->
